<?xml version="1.0" encoding="UTF-8"?>
<testng-results total="1" passed="1" failed="0" skipped="0">
  <reporter-output>
  </reporter-output>
  <suite started-at="2023-08-05T18:29:36Z" name="test.com.itexps.StudentTest" finished-at="2023-08-05T18:29:36Z" duration-ms="16">
    <groups>
    </groups>
    <test started-at="2023-08-05T18:29:36Z" name="Command line test" finished-at="2023-08-05T18:29:36Z" duration-ms="16">
      <class name="test.com.itexps.StudentTest">
        <test-method is-config="true" signature="setUpClass()[pri:0, instance:test.com.itexps.StudentTest@7a765367]" started-at="2023-08-05T13:29:36Z" name="setUpClass" finished-at="2023-08-05T13:29:36Z" duration-ms="0" status="PASS">
          <reporter-output>
          </reporter-output>
        </test-method> <!-- setUpClass -->
        <test-method is-config="true" signature="tearDownClass()[pri:0, instance:test.com.itexps.StudentTest@7a765367]" started-at="2023-08-05T13:29:36Z" name="tearDownClass" finished-at="2023-08-05T13:29:36Z" duration-ms="0" status="PASS">
          <reporter-output>
          </reporter-output>
        </test-method> <!-- tearDownClass -->
        <test-method signature="testGrade()[pri:0, instance:test.com.itexps.StudentTest@7a765367]" started-at="2023-08-05T13:29:36Z" name="testGrade" finished-at="2023-08-05T13:29:36Z" duration-ms="0" status="PASS">
          <reporter-output>
          </reporter-output>
        </test-method> <!-- testGrade -->
        <test-method is-config="true" signature="tearDownMethod()[pri:0, instance:test.com.itexps.StudentTest@7a765367]" started-at="2023-08-05T13:29:36Z" name="tearDownMethod" finished-at="2023-08-05T13:29:36Z" duration-ms="0" status="PASS">
          <reporter-output>
          </reporter-output>
        </test-method> <!-- tearDownMethod -->
        <test-method is-config="true" signature="setUpMethod()[pri:0, instance:test.com.itexps.StudentTest@7a765367]" started-at="2023-08-05T13:29:36Z" name="setUpMethod" finished-at="2023-08-05T13:29:36Z" duration-ms="0" status="PASS">
          <reporter-output>
          </reporter-output>
        </test-method> <!-- setUpMethod -->
      </class> <!-- test.com.itexps.StudentTest -->
    </test> <!-- Command line test -->
  </suite> <!-- test.com.itexps.StudentTest -->
</testng-results>
